[debug] [2025-06-17T13:15:05.607Z] ----------------------------------------------------------------------
[debug] [2025-06-17T13:15:05.610Z] Command:       /nix/store/rbdrkcs5kkwpalxcd7c6bnm33lk2955n-nodejs-20.19.0/bin/node /home/user/.global_modules/bin/firebase deploy --only functions
[debug] [2025-06-17T13:15:05.611Z] CLI Version:   14.7.0
[debug] [2025-06-17T13:15:05.612Z] Platform:      linux
[debug] [2025-06-17T13:15:05.612Z] Node Version:  v20.19.0
[debug] [2025-06-17T13:15:05.612Z] Time:          Tue Jun 17 2025 13:15:05 GMT+0000 (Coordinated Universal Time)
[debug] [2025-06-17T13:15:05.612Z] ----------------------------------------------------------------------
[debug] 
[debug] [2025-06-17T13:15:06.387Z] > command requires scopes: ["email","openid","https://www.googleapis.com/auth/cloudplatformprojects.readonly","https://www.googleapis.com/auth/firebase","https://www.googleapis.com/auth/cloud-platform"]
[debug] [2025-06-17T13:15:06.388Z] > authorizing via signed-in user (babseli933@gmail.com)
[debug] [2025-06-17T13:15:06.389Z] [iam] checking project brieflyai-gtgc2 for permissions ["cloudfunctions.functions.create","cloudfunctions.functions.delete","cloudfunctions.functions.get","cloudfunctions.functions.list","cloudfunctions.functions.update","cloudfunctions.operations.get","firebase.projects.get"]
[debug] [2025-06-17T13:15:06.391Z] Checked if tokens are valid: true, expires at: 1750168395152
[debug] [2025-06-17T13:15:06.392Z] Checked if tokens are valid: true, expires at: 1750168395152
[debug] [2025-06-17T13:15:06.395Z] >>> [apiv2][query] POST https://cloudresourcemanager.googleapis.com/v1/projects/brieflyai-gtgc2:testIamPermissions [none]
[debug] [2025-06-17T13:15:06.395Z] >>> [apiv2][(partial)header] POST https://cloudresourcemanager.googleapis.com/v1/projects/brieflyai-gtgc2:testIamPermissions x-goog-quota-user=projects/brieflyai-gtgc2
[debug] [2025-06-17T13:15:06.395Z] >>> [apiv2][body] POST https://cloudresourcemanager.googleapis.com/v1/projects/brieflyai-gtgc2:testIamPermissions {"permissions":["cloudfunctions.functions.create","cloudfunctions.functions.delete","cloudfunctions.functions.get","cloudfunctions.functions.list","cloudfunctions.functions.update","cloudfunctions.operations.get","firebase.projects.get"]}
[debug] [2025-06-17T13:15:07.189Z] <<< [apiv2][status] POST https://cloudresourcemanager.googleapis.com/v1/projects/brieflyai-gtgc2:testIamPermissions 200
[debug] [2025-06-17T13:15:07.190Z] <<< [apiv2][body] POST https://cloudresourcemanager.googleapis.com/v1/projects/brieflyai-gtgc2:testIamPermissions {"permissions":["cloudfunctions.functions.create","cloudfunctions.functions.delete","cloudfunctions.functions.get","cloudfunctions.functions.list","cloudfunctions.functions.update","cloudfunctions.operations.get","firebase.projects.get"]}
[debug] [2025-06-17T13:15:07.191Z] Checked if tokens are valid: true, expires at: 1750168395152
[debug] [2025-06-17T13:15:07.192Z] Checked if tokens are valid: true, expires at: 1750168395152
[debug] [2025-06-17T13:15:07.195Z] >>> [apiv2][query] POST https://iam.googleapis.com/v1/projects/brieflyai-gtgc2/serviceAccounts/brieflyai-gtgc2@appspot.gserviceaccount.com:testIamPermissions [none]
[debug] [2025-06-17T13:15:07.196Z] >>> [apiv2][body] POST https://iam.googleapis.com/v1/projects/brieflyai-gtgc2/serviceAccounts/brieflyai-gtgc2@appspot.gserviceaccount.com:testIamPermissions {"permissions":["iam.serviceAccounts.actAs"]}
[debug] [2025-06-17T13:15:07.867Z] <<< [apiv2][status] POST https://iam.googleapis.com/v1/projects/brieflyai-gtgc2/serviceAccounts/brieflyai-gtgc2@appspot.gserviceaccount.com:testIamPermissions 200
[debug] [2025-06-17T13:15:07.868Z] <<< [apiv2][body] POST https://iam.googleapis.com/v1/projects/brieflyai-gtgc2/serviceAccounts/brieflyai-gtgc2@appspot.gserviceaccount.com:testIamPermissions {"permissions":["iam.serviceAccounts.actAs"]}
[info] 
[info] === Deploying to 'brieflyai-gtgc2'...
[info] 
[info] i  deploying functions 
[info] Running command: npm --prefix "$RESOURCE_DIR" run lint
[info] Running command: npm --prefix "$RESOURCE_DIR" run build
[info] ✔  functions: Finished running predeploy script. 
[info] Running command: npm --prefix "$RESOURCE_DIR" run lint
[info] Running command: npm --prefix "$RESOURCE_DIR" run build
[info] ✔  functions: Finished running predeploy script. 
[debug] [2025-06-17T13:16:24.597Z] Checked if tokens are valid: true, expires at: 1750168395152
[debug] [2025-06-17T13:16:24.598Z] Checked if tokens are valid: true, expires at: 1750168395152
[debug] [2025-06-17T13:16:24.599Z] >>> [apiv2][query] GET https://serviceusage.googleapis.com/v1/projects/brieflyai-gtgc2/services/cloudresourcemanager.googleapis.com [none]
[debug] [2025-06-17T13:16:24.599Z] >>> [apiv2][(partial)header] GET https://serviceusage.googleapis.com/v1/projects/brieflyai-gtgc2/services/cloudresourcemanager.googleapis.com x-goog-quota-user=projects/brieflyai-gtgc2
[debug] [2025-06-17T13:16:25.422Z] <<< [apiv2][status] GET https://serviceusage.googleapis.com/v1/projects/brieflyai-gtgc2/services/cloudresourcemanager.googleapis.com 200
[debug] [2025-06-17T13:16:25.422Z] <<< [apiv2][body] GET https://serviceusage.googleapis.com/v1/projects/brieflyai-gtgc2/services/cloudresourcemanager.googleapis.com [omitted]
[debug] [2025-06-17T13:16:25.423Z] Checked if tokens are valid: true, expires at: 1750168395152
[debug] [2025-06-17T13:16:25.423Z] Checked if tokens are valid: true, expires at: 1750168395152
[debug] [2025-06-17T13:16:25.423Z] >>> [apiv2][query] GET https://cloudresourcemanager.googleapis.com/v1/projects/brieflyai-gtgc2 [none]
[debug] [2025-06-17T13:16:26.091Z] <<< [apiv2][status] GET https://cloudresourcemanager.googleapis.com/v1/projects/brieflyai-gtgc2 200
[debug] [2025-06-17T13:16:26.091Z] <<< [apiv2][body] GET https://cloudresourcemanager.googleapis.com/v1/projects/brieflyai-gtgc2 {"projectNumber":"429810342473","projectId":"brieflyai-gtgc2","lifecycleState":"ACTIVE","name":"BrieflyAI","labels":{"monospace-workspace-id":"studio-3713567362","firebase":"enabled","firebase-core":"disabled","generative-language":"enabled"},"createTime":"2025-06-11T15:28:12.125454Z"}
[info] i  functions: preparing codebase default for deployment 
[info] i  functions: preparing codebase brieflyai for deployment 
[info] i  functions: ensuring required API cloudfunctions.googleapis.com is enabled... 
[debug] [2025-06-17T13:16:26.095Z] Checked if tokens are valid: true, expires at: 1750168395152
[debug] [2025-06-17T13:16:26.095Z] Checked if tokens are valid: true, expires at: 1750168395152
[debug] [2025-06-17T13:16:26.095Z] Checked if tokens are valid: true, expires at: 1750168395152
[debug] [2025-06-17T13:16:26.095Z] Checked if tokens are valid: true, expires at: 1750168395152
[info] i  functions: ensuring required API cloudbuild.googleapis.com is enabled... 
[debug] [2025-06-17T13:16:26.096Z] Checked if tokens are valid: true, expires at: 1750168395152
[debug] [2025-06-17T13:16:26.096Z] Checked if tokens are valid: true, expires at: 1750168395152
[info] i  artifactregistry: ensuring required API artifactregistry.googleapis.com is enabled... 
[debug] [2025-06-17T13:16:26.097Z] Checked if tokens are valid: true, expires at: 1750168395152
[debug] [2025-06-17T13:16:26.097Z] Checked if tokens are valid: true, expires at: 1750168395152
[debug] [2025-06-17T13:16:26.097Z] >>> [apiv2][query] GET https://serviceusage.googleapis.com/v1/projects/brieflyai-gtgc2/services/cloudfunctions.googleapis.com [none]
[debug] [2025-06-17T13:16:26.097Z] >>> [apiv2][(partial)header] GET https://serviceusage.googleapis.com/v1/projects/brieflyai-gtgc2/services/cloudfunctions.googleapis.com x-goog-quota-user=projects/brieflyai-gtgc2
[debug] [2025-06-17T13:16:26.099Z] >>> [apiv2][query] GET https://serviceusage.googleapis.com/v1/projects/brieflyai-gtgc2/services/runtimeconfig.googleapis.com [none]
[debug] [2025-06-17T13:16:26.099Z] >>> [apiv2][(partial)header] GET https://serviceusage.googleapis.com/v1/projects/brieflyai-gtgc2/services/runtimeconfig.googleapis.com x-goog-quota-user=projects/brieflyai-gtgc2
[debug] [2025-06-17T13:16:26.101Z] >>> [apiv2][query] GET https://serviceusage.googleapis.com/v1/projects/brieflyai-gtgc2/services/cloudbuild.googleapis.com [none]
[debug] [2025-06-17T13:16:26.101Z] >>> [apiv2][(partial)header] GET https://serviceusage.googleapis.com/v1/projects/brieflyai-gtgc2/services/cloudbuild.googleapis.com x-goog-quota-user=projects/brieflyai-gtgc2
[debug] [2025-06-17T13:16:26.105Z] >>> [apiv2][query] GET https://serviceusage.googleapis.com/v1/projects/brieflyai-gtgc2/services/artifactregistry.googleapis.com [none]
[debug] [2025-06-17T13:16:26.105Z] >>> [apiv2][(partial)header] GET https://serviceusage.googleapis.com/v1/projects/brieflyai-gtgc2/services/artifactregistry.googleapis.com x-goog-quota-user=projects/brieflyai-gtgc2
[debug] [2025-06-17T13:16:27.165Z] <<< [apiv2][status] GET https://serviceusage.googleapis.com/v1/projects/brieflyai-gtgc2/services/runtimeconfig.googleapis.com 200
[debug] [2025-06-17T13:16:27.165Z] <<< [apiv2][body] GET https://serviceusage.googleapis.com/v1/projects/brieflyai-gtgc2/services/runtimeconfig.googleapis.com [omitted]
[debug] [2025-06-17T13:16:27.174Z] <<< [apiv2][status] GET https://serviceusage.googleapis.com/v1/projects/brieflyai-gtgc2/services/cloudbuild.googleapis.com 200
[debug] [2025-06-17T13:16:27.175Z] <<< [apiv2][body] GET https://serviceusage.googleapis.com/v1/projects/brieflyai-gtgc2/services/cloudbuild.googleapis.com [omitted]
[info] ✔  functions: required API cloudbuild.googleapis.com is enabled 
[debug] [2025-06-17T13:16:27.181Z] <<< [apiv2][status] GET https://serviceusage.googleapis.com/v1/projects/brieflyai-gtgc2/services/cloudfunctions.googleapis.com 200
[debug] [2025-06-17T13:16:27.181Z] <<< [apiv2][body] GET https://serviceusage.googleapis.com/v1/projects/brieflyai-gtgc2/services/cloudfunctions.googleapis.com [omitted]
[info] ✔  functions: required API cloudfunctions.googleapis.com is enabled 
[debug] [2025-06-17T13:16:27.184Z] <<< [apiv2][status] GET https://serviceusage.googleapis.com/v1/projects/brieflyai-gtgc2/services/artifactregistry.googleapis.com 200
[debug] [2025-06-17T13:16:27.186Z] <<< [apiv2][body] GET https://serviceusage.googleapis.com/v1/projects/brieflyai-gtgc2/services/artifactregistry.googleapis.com [omitted]
[info] ✔  artifactregistry: required API artifactregistry.googleapis.com is enabled 
[debug] [2025-06-17T13:16:27.187Z] Checked if tokens are valid: true, expires at: 1750168395152
[debug] [2025-06-17T13:16:27.187Z] Checked if tokens are valid: true, expires at: 1750168395152
[debug] [2025-06-17T13:16:27.188Z] >>> [apiv2][query] GET https://firebase.googleapis.com/v1beta1/projects/brieflyai-gtgc2/adminSdkConfig [none]
[debug] [2025-06-17T13:16:27.631Z] <<< [apiv2][status] GET https://firebase.googleapis.com/v1beta1/projects/brieflyai-gtgc2/adminSdkConfig 200
[debug] [2025-06-17T13:16:27.631Z] <<< [apiv2][body] GET https://firebase.googleapis.com/v1beta1/projects/brieflyai-gtgc2/adminSdkConfig {"projectId":"brieflyai-gtgc2","storageBucket":"brieflyai-gtgc2.firebasestorage.app"}
[debug] [2025-06-17T13:16:27.632Z] Checked if tokens are valid: true, expires at: 1750168395152
[debug] [2025-06-17T13:16:27.632Z] Checked if tokens are valid: true, expires at: 1750168395152
[debug] [2025-06-17T13:16:27.632Z] >>> [apiv2][query] GET https://runtimeconfig.googleapis.com/v1beta1/projects/brieflyai-gtgc2/configs [none]
[debug] [2025-06-17T13:16:27.827Z] <<< [apiv2][status] GET https://runtimeconfig.googleapis.com/v1beta1/projects/brieflyai-gtgc2/configs 200
[debug] [2025-06-17T13:16:27.827Z] <<< [apiv2][body] GET https://runtimeconfig.googleapis.com/v1beta1/projects/brieflyai-gtgc2/configs {"configs":[{"name":"projects/brieflyai-gtgc2/configs/app"},{"name":"projects/brieflyai-gtgc2/configs/paystack"}]}
[debug] [2025-06-17T13:16:27.828Z] Checked if tokens are valid: true, expires at: 1750168395152
[debug] [2025-06-17T13:16:27.828Z] Checked if tokens are valid: true, expires at: 1750168395152
[debug] [2025-06-17T13:16:27.829Z] Checked if tokens are valid: true, expires at: 1750168395152
[debug] [2025-06-17T13:16:27.829Z] Checked if tokens are valid: true, expires at: 1750168395152
[debug] [2025-06-17T13:16:27.829Z] >>> [apiv2][query] GET https://runtimeconfig.googleapis.com/v1beta1/projects/brieflyai-gtgc2/configs/app/variables [none]
[debug] [2025-06-17T13:16:27.830Z] >>> [apiv2][query] GET https://runtimeconfig.googleapis.com/v1beta1/projects/brieflyai-gtgc2/configs/paystack/variables [none]
[debug] [2025-06-17T13:16:28.001Z] <<< [apiv2][status] GET https://runtimeconfig.googleapis.com/v1beta1/projects/brieflyai-gtgc2/configs/app/variables 200
[debug] [2025-06-17T13:16:28.001Z] <<< [apiv2][body] GET https://runtimeconfig.googleapis.com/v1beta1/projects/brieflyai-gtgc2/configs/app/variables {"variables":[{"name":"projects/brieflyai-gtgc2/configs/app/variables/callback_url","updateTime":"2025-06-17T12:53:29.753667045Z"}]}
[debug] [2025-06-17T13:16:28.002Z] Checked if tokens are valid: true, expires at: 1750168395152
[debug] [2025-06-17T13:16:28.002Z] Checked if tokens are valid: true, expires at: 1750168395152
[debug] [2025-06-17T13:16:28.003Z] >>> [apiv2][query] GET https://runtimeconfig.googleapis.com/v1beta1/projects/brieflyai-gtgc2/configs/app/variables/callback_url [none]
[debug] [2025-06-17T13:16:28.015Z] <<< [apiv2][status] GET https://runtimeconfig.googleapis.com/v1beta1/projects/brieflyai-gtgc2/configs/paystack/variables 200
[debug] [2025-06-17T13:16:28.016Z] <<< [apiv2][body] GET https://runtimeconfig.googleapis.com/v1beta1/projects/brieflyai-gtgc2/configs/paystack/variables {"variables":[{"name":"projects/brieflyai-gtgc2/configs/paystack/variables/secret_key","updateTime":"2025-06-17T12:53:18.162775378Z"},{"name":"projects/brieflyai-gtgc2/configs/paystack/variables/webhook_secret","updateTime":"2025-06-17T12:53:24.592589824Z"}]}
[debug] [2025-06-17T13:16:28.016Z] Checked if tokens are valid: true, expires at: 1750168395152
[debug] [2025-06-17T13:16:28.017Z] Checked if tokens are valid: true, expires at: 1750168395152
[debug] [2025-06-17T13:16:28.017Z] Checked if tokens are valid: true, expires at: 1750168395152
[debug] [2025-06-17T13:16:28.017Z] Checked if tokens are valid: true, expires at: 1750168395152
[debug] [2025-06-17T13:16:28.018Z] >>> [apiv2][query] GET https://runtimeconfig.googleapis.com/v1beta1/projects/brieflyai-gtgc2/configs/paystack/variables/secret_key [none]
[debug] [2025-06-17T13:16:28.019Z] >>> [apiv2][query] GET https://runtimeconfig.googleapis.com/v1beta1/projects/brieflyai-gtgc2/configs/paystack/variables/webhook_secret [none]
[debug] [2025-06-17T13:16:28.180Z] <<< [apiv2][status] GET https://runtimeconfig.googleapis.com/v1beta1/projects/brieflyai-gtgc2/configs/app/variables/callback_url 200
[debug] [2025-06-17T13:16:28.181Z] <<< [apiv2][body] GET https://runtimeconfig.googleapis.com/v1beta1/projects/brieflyai-gtgc2/configs/app/variables/callback_url {"name":"projects/brieflyai-gtgc2/configs/app/variables/callback_url","updateTime":"2025-06-17T12:53:29.753667045Z","text":"https://brieflyai.xyz/dashboard"}
[debug] [2025-06-17T13:16:28.198Z] <<< [apiv2][status] GET https://runtimeconfig.googleapis.com/v1beta1/projects/brieflyai-gtgc2/configs/paystack/variables/secret_key 200
[debug] [2025-06-17T13:16:28.198Z] <<< [apiv2][body] GET https://runtimeconfig.googleapis.com/v1beta1/projects/brieflyai-gtgc2/configs/paystack/variables/secret_key {"name":"projects/brieflyai-gtgc2/configs/paystack/variables/secret_key","updateTime":"2025-06-17T12:53:18.162775378Z","text":"Sk_live_1d9019c8e236ea1f026c3f744c572cf4e96253b8"}
[debug] [2025-06-17T13:16:28.200Z] <<< [apiv2][status] GET https://runtimeconfig.googleapis.com/v1beta1/projects/brieflyai-gtgc2/configs/paystack/variables/webhook_secret 200
[debug] [2025-06-17T13:16:28.200Z] <<< [apiv2][body] GET https://runtimeconfig.googleapis.com/v1beta1/projects/brieflyai-gtgc2/configs/paystack/variables/webhook_secret {"name":"projects/brieflyai-gtgc2/configs/paystack/variables/webhook_secret","updateTime":"2025-06-17T12:53:24.592589824Z","text":"sk_live_1d9019c8e236ea1f026c3f744c572cf4e96253b8"}
[debug] [2025-06-17T13:16:28.205Z] Validating nodejs source
[debug] [2025-06-17T13:16:28.918Z] > [functions] package.json contents: {
  "name": "functions",
  "scripts": {
    "lint": "eslint --ext .js,.ts .",
    "build": "tsc",
    "build:watch": "tsc --watch",
    "serve": "npm run build && firebase emulators:start --only functions",
    "shell": "npm run build && firebase functions:shell",
    "start": "npm run shell",
    "deploy": "firebase deploy --only functions",
    "logs": "firebase functions:log"
  },
  "engines": {
    "node": "22"
  },
  "main": "lib/index.js",
  "dependencies": {
    "cors": "^2.8.5",
    "firebase-admin": "^12.6.0",
    "firebase-functions": "^6.0.1",
    "paystack-node": "^0.3.0"
  },
  "devDependencies": {
    "@types/cors": "^2.8.19",
    "@typescript-eslint/eslint-plugin": "^5.12.0",
    "@typescript-eslint/parser": "^5.12.0",
    "eslint": "^8.9.0",
    "eslint-config-google": "^0.14.0",
    "eslint-plugin-import": "^2.25.4",
    "firebase-functions-test": "^3.1.0",
    "typescript": "^5.7.3"
  },
  "private": true
}
[debug] [2025-06-17T13:16:28.918Z] Building nodejs source
[info] i  functions: Loading and analyzing source code for codebase default to determine what to deploy 
[debug] [2025-06-17T13:16:28.921Z] Could not find functions.yaml. Must use http discovery
[debug] [2025-06-17T13:16:28.929Z] Found firebase-functions binary at '/home/user/studio/functions/node_modules/.bin/firebase-functions'
[info] Serving at port 8019

[info] {"severity":"INFO","message":"Initial functionsConfig at startup: {}"}

[info] {"severity":"INFO","message":"Global scope: Attempting to read paystack.secret_key. Found: false. Value: UNDEFINED/EMPTY"}

[error] {"severity":"WARNING","message":"Global Paystack secret key (paystack.secret_key) not found in Firebase config at startup. Global Paystack SDK instance NOT initialized. Functions will attempt local SDK initialization or use this global one if re-attempted."}

[debug] [2025-06-17T13:16:29.643Z] Got response from /__/functions.yaml {"endpoints":{"createPaystackSubscription":{"availableMemoryMb":null,"timeoutSeconds":null,"minInstances":null,"maxInstances":null,"ingressSettings":null,"concurrency":null,"serviceAccountEmail":null,"vpc":null,"platform":"gcfv2","region":["us-central1"],"labels":{},"callableTrigger":{},"entryPoint":"createPaystackSubscription"},"paystackWebhookHandler":{"availableMemoryMb":null,"timeoutSeconds":null,"minInstances":null,"maxInstances":null,"ingressSettings":null,"concurrency":null,"serviceAccountEmail":null,"vpc":null,"platform":"gcfv2","region":["us-central1"],"labels":{},"httpsTrigger":{},"entryPoint":"paystackWebhookHandler"}},"specVersion":"v1alpha1","requiredAPIs":[],"extensions":{}}
[debug] [2025-06-17T13:16:33.701Z] Validating nodejs source
[debug] [2025-06-17T13:16:34.497Z] > [functions] package.json contents: {
  "name": "functions",
  "scripts": {
    "lint": "eslint --ext .js,.ts .",
    "build": "tsc",
    "build:watch": "tsc --watch",
    "serve": "npm run build && firebase emulators:start --only functions",
    "shell": "npm run build && firebase functions:shell",
    "start": "npm run shell",
    "deploy": "firebase deploy --only functions",
    "logs": "firebase functions:log"
  },
  "engines": {
    "node": "22"
  },
  "main": "lib/index.js",
  "dependencies": {
    "firebase-admin": "^12.6.0",
    "firebase-functions": "^6.0.1"
  },
  "devDependencies": {
    "@typescript-eslint/eslint-plugin": "^5.12.0",
    "@typescript-eslint/parser": "^5.12.0",
    "eslint": "^8.9.0",
    "eslint-config-google": "^0.14.0",
    "eslint-plugin-import": "^2.25.4",
    "firebase-functions-test": "^3.1.0",
    "typescript": "^5.7.3"
  },
  "private": true
}
[debug] [2025-06-17T13:16:34.498Z] Building nodejs source
[info] i  functions: Loading and analyzing source code for codebase brieflyai to determine what to deploy 
[debug] [2025-06-17T13:16:34.499Z] Could not find functions.yaml. Must use http discovery
[debug] [2025-06-17T13:16:34.503Z] Found firebase-functions binary at '/home/user/studio/brieflyai/node_modules/.bin/firebase-functions'
[info] Serving at port 8318

[debug] [2025-06-17T13:16:34.894Z] Got response from /__/functions.yaml {"endpoints":{},"specVersion":"v1alpha1","requiredAPIs":[],"extensions":{}}
[info] i  extensions: ensuring required API firebaseextensions.googleapis.com is enabled... 
[debug] [2025-06-17T13:16:38.918Z] Checked if tokens are valid: true, expires at: 1750168395152
[debug] [2025-06-17T13:16:38.918Z] Checked if tokens are valid: true, expires at: 1750168395152
[debug] [2025-06-17T13:16:38.918Z] >>> [apiv2][query] GET https://serviceusage.googleapis.com/v1/projects/brieflyai-gtgc2/services/firebaseextensions.googleapis.com [none]
[debug] [2025-06-17T13:16:38.919Z] >>> [apiv2][(partial)header] GET https://serviceusage.googleapis.com/v1/projects/brieflyai-gtgc2/services/firebaseextensions.googleapis.com x-goog-quota-user=projects/brieflyai-gtgc2
[debug] [2025-06-17T13:16:39.783Z] <<< [apiv2][status] GET https://serviceusage.googleapis.com/v1/projects/brieflyai-gtgc2/services/firebaseextensions.googleapis.com 200
[debug] [2025-06-17T13:16:39.783Z] <<< [apiv2][body] GET https://serviceusage.googleapis.com/v1/projects/brieflyai-gtgc2/services/firebaseextensions.googleapis.com [omitted]
[info] ✔  extensions: required API firebaseextensions.googleapis.com is enabled 
[debug] [2025-06-17T13:16:39.784Z] > command requires scopes: ["email","openid","https://www.googleapis.com/auth/cloudplatformprojects.readonly","https://www.googleapis.com/auth/firebase","https://www.googleapis.com/auth/cloud-platform"]
[debug] [2025-06-17T13:16:39.784Z] > authorizing via signed-in user (babseli933@gmail.com)
[debug] [2025-06-17T13:16:39.785Z] [iam] checking project brieflyai-gtgc2 for permissions ["firebase.projects.get","firebaseextensions.instances.list"]
[debug] [2025-06-17T13:16:39.785Z] Checked if tokens are valid: true, expires at: 1750168395152
[debug] [2025-06-17T13:16:39.785Z] Checked if tokens are valid: true, expires at: 1750168395152
[debug] [2025-06-17T13:16:39.785Z] >>> [apiv2][query] POST https://cloudresourcemanager.googleapis.com/v1/projects/brieflyai-gtgc2:testIamPermissions [none]
[debug] [2025-06-17T13:16:39.785Z] >>> [apiv2][(partial)header] POST https://cloudresourcemanager.googleapis.com/v1/projects/brieflyai-gtgc2:testIamPermissions x-goog-quota-user=projects/brieflyai-gtgc2
[debug] [2025-06-17T13:16:39.785Z] >>> [apiv2][body] POST https://cloudresourcemanager.googleapis.com/v1/projects/brieflyai-gtgc2:testIamPermissions {"permissions":["firebase.projects.get","firebaseextensions.instances.list"]}
[debug] [2025-06-17T13:16:40.416Z] <<< [apiv2][status] POST https://cloudresourcemanager.googleapis.com/v1/projects/brieflyai-gtgc2:testIamPermissions 200
[debug] [2025-06-17T13:16:40.417Z] <<< [apiv2][body] POST https://cloudresourcemanager.googleapis.com/v1/projects/brieflyai-gtgc2:testIamPermissions {"permissions":["firebase.projects.get","firebaseextensions.instances.list"]}
[debug] [2025-06-17T13:16:40.418Z] Checked if tokens are valid: true, expires at: 1750168395152
[debug] [2025-06-17T13:16:40.418Z] Checked if tokens are valid: true, expires at: 1750168395152
[debug] [2025-06-17T13:16:40.419Z] >>> [apiv2][query] GET https://firebaseextensions.googleapis.com/v1beta/projects/brieflyai-gtgc2/instances pageSize=100&pageToken=
[debug] [2025-06-17T13:16:41.207Z] <<< [apiv2][status] GET https://firebaseextensions.googleapis.com/v1beta/projects/brieflyai-gtgc2/instances 200
[debug] [2025-06-17T13:16:41.207Z] <<< [apiv2][body] GET https://firebaseextensions.googleapis.com/v1beta/projects/brieflyai-gtgc2/instances {}
[debug] [2025-06-17T13:16:41.211Z] Failed to validate key paystack.secret_key: Error: Key paystack.secret_key must start with an uppercase ASCII letter or underscore, and then consist of uppercase ASCII letters, digits, and underscores.
[error] Error: Failed to load environment variables from .env.:
[error] - Error Key paystack.secret_key must start with an uppercase ASCII letter or underscore, and then consist of uppercase ASCII letters, digits, and underscores.
